[
    {
        "Id": "ec713dcec6eca0b54eb8dbb5b50f12bc1a10ef5a74d5d362a3f2daca9aec6c58",
        "Created": "2019-12-21T18:02:06.384284739Z",
        "Path": "/init",
        "Args": [],
        "State": {
            "Status": "running",
            "Running": true,
            "Paused": false,
            "Restarting": false,
            "OOMKilled": false,
            "Dead": false,
            "Pid": 11051,
            "ExitCode": 0,
            "Error": "",
            "StartedAt": "2019-12-21T18:02:07.473532538Z",
            "FinishedAt": "0001-01-01T00:00:00Z"
        },
        "Image": "sha256:7a9c4084c44f8ed3c2eb83fdef31480fa837cdd42a108633b28f95b12d8f4701",
        "ResolvConfPath": "/var/lib/docker/containers/ec713dcec6eca0b54eb8dbb5b50f12bc1a10ef5a74d5d362a3f2daca9aec6c58/resolv.conf",
        "HostnamePath": "/var/lib/docker/containers/ec713dcec6eca0b54eb8dbb5b50f12bc1a10ef5a74d5d362a3f2daca9aec6c58/hostname",
        "HostsPath": "/var/lib/docker/containers/ec713dcec6eca0b54eb8dbb5b50f12bc1a10ef5a74d5d362a3f2daca9aec6c58/hosts",
        "LogPath": "/var/lib/docker/containers/ec713dcec6eca0b54eb8dbb5b50f12bc1a10ef5a74d5d362a3f2daca9aec6c58/ec713dcec6eca0b54eb8dbb5b50f12bc1a10ef5a74d5d362a3f2daca9aec6c58-json.log",
        "Name": "/s1",
        "RestartCount": 0,
        "Driver": "overlay2",
        "Platform": "linux",
        "MountLabel": "",
        "ProcessLabel": "",
        "AppArmorProfile": "docker-default",
        "ExecIDs": null,
        "HostConfig": {
            "Binds": null,
            "ContainerIDFile": "",
            "LogConfig": {
                "Type": "json-file",
                "Config": {}
            },
            "NetworkMode": "heig",
            "PortBindings": {},
            "RestartPolicy": {
                "Name": "no",
                "MaximumRetryCount": 0
            },
            "AutoRemove": false,
            "VolumeDriver": "",
            "VolumesFrom": null,
            "CapAdd": null,
            "CapDrop": null,
            "Capabilities": null,
            "Dns": [],
            "DnsOptions": [],
            "DnsSearch": [],
            "ExtraHosts": null,
            "GroupAdd": null,
            "IpcMode": "private",
            "Cgroup": "",
            "Links": null,
            "OomScoreAdj": 0,
            "PidMode": "",
            "Privileged": false,
            "PublishAllPorts": false,
            "ReadonlyRootfs": false,
            "SecurityOpt": null,
            "UTSMode": "",
            "UsernsMode": "",
            "ShmSize": 67108864,
            "Runtime": "runc",
            "ConsoleSize": [
                0,
                0
            ],
            "Isolation": "",
            "CpuShares": 0,
            "Memory": 0,
            "NanoCpus": 0,
            "CgroupParent": "",
            "BlkioWeight": 0,
            "BlkioWeightDevice": [],
            "BlkioDeviceReadBps": null,
            "BlkioDeviceWriteBps": null,
            "BlkioDeviceReadIOps": null,
            "BlkioDeviceWriteIOps": null,
            "CpuPeriod": 0,
            "CpuQuota": 0,
            "CpuRealtimePeriod": 0,
            "CpuRealtimeRuntime": 0,
            "CpusetCpus": "",
            "CpusetMems": "",
            "Devices": [],
            "DeviceCgroupRules": null,
            "DeviceRequests": null,
            "KernelMemory": 0,
            "KernelMemoryTCP": 0,
            "MemoryReservation": 0,
            "MemorySwap": 0,
            "MemorySwappiness": null,
            "OomKillDisable": false,
            "PidsLimit": null,
            "Ulimits": null,
            "CpuCount": 0,
            "CpuPercent": 0,
            "IOMaximumIOps": 0,
            "IOMaximumBandwidth": 0,
            "MaskedPaths": [
                "/proc/asound",
                "/proc/acpi",
                "/proc/kcore",
                "/proc/keys",
                "/proc/latency_stats",
                "/proc/timer_list",
                "/proc/timer_stats",
                "/proc/sched_debug",
                "/proc/scsi",
                "/sys/firmware"
            ],
            "ReadonlyPaths": [
                "/proc/bus",
                "/proc/fs",
                "/proc/irq",
                "/proc/sys",
                "/proc/sysrq-trigger"
            ]
        },
        "GraphDriver": {
            "Data": {
                "LowerDir": "/var/lib/docker/overlay2/dc6dd14bd5cb831b3002a01d66364c40254c2ffa7553f6d6acae11c2f520d1a4-init/diff:/var/lib/docker/overlay2/4b0afce65ae3f8fd6f957577d9c00b9cdf68cb5c36dd5880ab848389ec166511/diff:/var/lib/docker/overlay2/75e5d5ba70bc4b5c4b5af2cb247fcad3dc8e713108cca9eb95ea44b1b0ea8b26/diff:/var/lib/docker/overlay2/627acd8f669db40f1638079109d5f3dd1cbcddbd84c211ef15c0b5e4f609fbb3/diff:/var/lib/docker/overlay2/5cc1ffb530dd1af347f806cd013a4b89d20384ff8a2985118ba715b5443c27ca/diff:/var/lib/docker/overlay2/c8e088b18aeea6f8a6c2128d836a22a3a3e9eb9de7ae699a757023471bda545e/diff:/var/lib/docker/overlay2/acf9d22092d73e5ebf2d7c9312647414c35fb4b58a619df71d91486095ed307d/diff:/var/lib/docker/overlay2/8a4ffa811eb64eef8ff61e2bba30e7bafab057c6c20b33d15d6e411678638dad/diff:/var/lib/docker/overlay2/bdd2adf4eccc8315e9aaadd90e8247850157d513cf43008d891b818dde3cb6fb/diff:/var/lib/docker/overlay2/045510e12bdd776f14ebe4cd0f7ce69a9a8ce7e4d0bbfb64b8b1e7c1e0fd0e7c/diff:/var/lib/docker/overlay2/de93f78a9216d814c1e05e7d7806535d142e83f2ef1c8bb782daf5b5b5e61acf/diff:/var/lib/docker/overlay2/a912c3f07b052e08c32d253dbbbea73a1a22dfd90bdae76f8bd7c17a005ca6a8/diff:/var/lib/docker/overlay2/1715423645dbf87736e14488e17c6037ef35b132d677732503de60e672f00c48/diff:/var/lib/docker/overlay2/2624c0cc37401c56d62135ebd53626c8a4f3360cbc06a58dc5668071adbd5583/diff:/var/lib/docker/overlay2/66fa69e5ce1898ae4f232f1187c4c83b7499bd2888c1cd6c4811f22615be01a0/diff:/var/lib/docker/overlay2/96597a80af1c9bcbb5d17f8bb30eed3d7c16ba73684135c90b034854a91a3578/diff:/var/lib/docker/overlay2/a8eb5c9df5820c99c76ca9812d1bc08c02b54760155d036bb7c65f8762748c2d/diff:/var/lib/docker/overlay2/1a89793f46bdf7f8b12b5fe772ab96b069c90e2cff89a4aeb188e29228464339/diff:/var/lib/docker/overlay2/42cce2d839a28e75a33cf41ce927e9340d37cdaa282dd487c1a3ddab5f3c0885/diff:/var/lib/docker/overlay2/eab882803a028d3b92d6096293b3c221376684b7952445d33be19826a24e6b8b/diff",
                "MergedDir": "/var/lib/docker/overlay2/dc6dd14bd5cb831b3002a01d66364c40254c2ffa7553f6d6acae11c2f520d1a4/merged",
                "UpperDir": "/var/lib/docker/overlay2/dc6dd14bd5cb831b3002a01d66364c40254c2ffa7553f6d6acae11c2f520d1a4/diff",
                "WorkDir": "/var/lib/docker/overlay2/dc6dd14bd5cb831b3002a01d66364c40254c2ffa7553f6d6acae11c2f520d1a4/work"
            },
            "Name": "overlay2"
        },
        "Mounts": [],
        "Config": {
            "Hostname": "ec713dcec6ec",
            "Domainname": "",
            "User": "",
            "AttachStdin": false,
            "AttachStdout": false,
            "AttachStderr": false,
            "ExposedPorts": {
                "3000/tcp": {},
                "7373/tcp": {},
                "7946/tcp": {}
            },
            "Tty": false,
            "OpenStdin": false,
            "StdinOnce": false,
            "Env": [
                "PATH=/usr/local/sbin:/usr/local/bin:/usr/sbin:/usr/bin:/sbin:/bin",
                "NODE_VERSION=13.1.0",
                "YARN_VERSION=1.19.1",
                "ROLE=backend"
            ],
            "Cmd": null,
            "Image": "aitlabo4/webapp",
            "Volumes": null,
            "WorkingDir": "",
            "Entrypoint": [
                "/init"
            ],
            "OnBuild": null,
            "Labels": {}
        },
        "NetworkSettings": {
            "Bridge": "",
            "SandboxID": "f4843c648ec82dcfb4fbb2a336a9a218791338ecb11fe2e46d649020d04ef0ac",
            "HairpinMode": false,
            "LinkLocalIPv6Address": "",
            "LinkLocalIPv6PrefixLen": 0,
            "Ports": {
                "3000/tcp": null,
                "7373/tcp": null,
                "7946/tcp": null
            },
            "SandboxKey": "/var/run/docker/netns/f4843c648ec8",
            "SecondaryIPAddresses": null,
            "SecondaryIPv6Addresses": null,
            "EndpointID": "",
            "Gateway": "",
            "GlobalIPv6Address": "",
            "GlobalIPv6PrefixLen": 0,
            "IPAddress": "",
            "IPPrefixLen": 0,
            "IPv6Gateway": "",
            "MacAddress": "",
            "Networks": {
                "heig": {
                    "IPAMConfig": null,
                    "Links": null,
                    "Aliases": [
                        "ec713dcec6ec"
                    ],
                    "NetworkID": "6fe079d5b17722498ac668e8f0681a9ed53adeb892d590f2ed4818c2ff867509",
                    "EndpointID": "fcffa0c030c22e18b62c0743491cc04b4f9d9f7686e8bad4938f4f35a102d2ab",
                    "Gateway": "192.168.42.1",
                    "IPAddress": "192.168.42.3",
                    "IPPrefixLen": 24,
                    "IPv6Gateway": "",
                    "GlobalIPv6Address": "",
                    "GlobalIPv6PrefixLen": 0,
                    "MacAddress": "02:42:c0:a8:2a:03",
                    "DriverOpts": null
                }
            }
        }
    }
]
